config erlangSourceFile ErlangExamples/locker/locker.erl
config labelKind LABEL_ERLANG
config erlangModuleName locker
config useErlangOutputs false
- [[{call, unlock}]]
- [[{call, read}]]
- [[{call, unlock}]]
- [[{call, read}]]
+ [[{init, 'AnyWibble'},{cast, 'AnyWibble'},{call, lock}]]
- [[{init, 'AnyWibble'},{call, unlock}]]
- [[{call, {write,'AnyWibble'}}]]
- [[{call, read}]]
- [[{call, {write,'AnyWibble'}}]]
- [[{cast, 'AnyWibble'}]]
- [[{init, 'AnyWibble'},{cast, 'AnyWibble'},{init, 'AnyWibble'}]]
- [[{call, {write,'AnyWibble'}}]]
- [[{call, unlock}]]
- [[{call, read}]]
- [[{call, unlock}]]
- [[{call, unlock}]]
- [[{cast, 'AnyWibble'}]]
- [[{call, lock}]]
- [[{call, lock}]]
- [[{call, {write,'AnyWibble'}}]]
+ [[{init, 'AnyWibble'},{call, lock},{cast, 'AnyWibble'}]]
- [[{call, lock}]]
- [[{call, lock}]]
- [[{call, read}]]
- [[{call, {write,'AnyWibble'}}]]
